  Collider.h
  PhysicsSystem.cpp
  BehaviorSystem.cpp
  imgui.cpp
  imgui_demo.cpp
  imgui_draw.cpp
  imgui_impl_glfw.cpp
  imgui_impl_opengl3.cpp
  imgui_tables.cpp
  imgui_widgets.cpp
  InputSystem.cpp
  RenderSystem.cpp
  Shader.cpp
  Mesh.cpp
  Component.cpp
  DebugSystem.cpp
  Entity.cpp
  Engine.cpp
  ExampleSystem.cpp
  GUI.cpp
  Compiling...
  main.cpp
  RidgedBody.cpp
  PlatformSystem.cpp
  SceneSystem.cpp
  Sprite.cpp
  Texture.cpp
  Transform.cpp
  Stream.cpp
imgui.obj : error LNK2001: unresolved external symbol ___CxxFrameHandler3
imgui.obj : error LNK2001: unresolved external symbol @__security_check_cookie@4
imgui.obj : error LNK2001: unresolved external symbol __imp__ftell
imgui.obj : error LNK2001: unresolved external symbol ___report_rangecheckfailure
imgui.obj : error LNK2001: unresolved external symbol __imp____acrt_iob_func
imgui.obj : error LNK2001: unresolved external symbol __imp__fflush
imgui.obj : error LNK2001: unresolved external symbol __imp__fclose
imgui.obj : error LNK2001: unresolved external symbol __imp__fseek
imgui.obj : error LNK2001: unresolved external symbol "void __cdecl operator delete(void *,unsigned int)" (??3@YAXPAXI@Z)
msvcprt.lib(locale0_implib.obj) : error LNK2001: unresolved external symbol "void __cdecl operator delete(void *,unsigned int)" (??3@YAXPAXI@Z)
imgui.obj : error LNK2001: unresolved external symbol __imp____stdio_common_vfprintf
imgui.obj : error LNK2001: unresolved external symbol __imp__qsort
imgui.obj : error LNK2001: unresolved external symbol __imp__strncpy
imgui.obj : error LNK2001: unresolved external symbol __imp__fwrite
imgui.obj : error LNK2001: unresolved external symbol __imp___wfopen
imgui.obj : error LNK2001: unresolved external symbol __imp____stdio_common_vsprintf
imgui.obj : error LNK2001: unresolved external symbol __imp__free
imgui.obj : error LNK2001: unresolved external symbol ___std_terminate
imgui.obj : error LNK2001: unresolved external symbol _strstr
imgui.obj : error LNK2001: unresolved external symbol __imp__fread
imgui.obj : error LNK2001: unresolved external symbol __imp____stdio_common_vsscanf
imgui.obj : error LNK2001: unresolved external symbol __imp___wassert
imgui.obj : error LNK2001: unresolved external symbol __imp__malloc
imgui_demo.obj : error LNK2001: unresolved external symbol __Init_thread_epoch
imgui_demo.obj : error LNK2001: unresolved external symbol __imp__toupper
imgui_demo.obj : error LNK2001: unresolved external symbol __Init_thread_footer
imgui_demo.obj : error LNK2001: unresolved external symbol _atexit
msvcprt.lib(locale0_implib.obj) : error LNK2001: unresolved external symbol _atexit
imgui_demo.obj : error LNK2001: unresolved external symbol __Init_thread_header
imgui_demo.obj : error LNK2001: unresolved external symbol __imp__strncmp
imgui_demo.obj : error LNK2001: unresolved external symbol __Init_thread_abort
imgui_demo.obj : error LNK2001: unresolved external symbol _strchr
imgui_impl_glfw.obj : error LNK2001: unresolved external symbol _glfwGetClipboardString
imgui_impl_glfw.obj : error LNK2001: unresolved external symbol _glfwGetInputMode
imgui_impl_glfw.obj : error LNK2001: unresolved external symbol _glfwGetWindowAttrib
imgui_impl_glfw.obj : error LNK2001: unresolved external symbol _glfwGetTime
imgui_impl_glfw.obj : error LNK2001: unresolved external symbol _glfwGetKey
imgui_impl_glfw.obj : error LNK2001: unresolved external symbol _glfwSetMonitorCallback
imgui_impl_glfw.obj : error LNK2001: unresolved external symbol _glfwGetFramebufferSize
imgui_impl_glfw.obj : error LNK2001: unresolved external symbol _glfwSetClipboardString
imgui_impl_glfw.obj : error LNK2001: unresolved external symbol _glfwSetCursorEnterCallback
imgui_impl_glfw.obj : error LNK2001: unresolved external symbol _glfwGetWindowSize
imgui_impl_glfw.obj : error LNK2001: unresolved external symbol _glfwSetMouseButtonCallback
imgui_impl_glfw.obj : error LNK2001: unresolved external symbol _glfwSetCursor
imgui_impl_glfw.obj : error LNK2001: unresolved external symbol _glfwDestroyCursor
imgui_impl_glfw.obj : error LNK2001: unresolved external symbol _glfwSetKeyCallback
imgui_impl_glfw.obj : error LNK2001: unresolved external symbol _glfwSetScrollCallback
imgui_impl_glfw.obj : error LNK2001: unresolved external symbol _glfwSetInputMode
imgui_impl_glfw.obj : error LNK2001: unresolved external symbol _glfwCreateStandardCursor
imgui_impl_glfw.obj : error LNK2001: unresolved external symbol _glfwGetError
imgui_impl_glfw.obj : error LNK2001: unresolved external symbol _glfwSetCursorPos
imgui_impl_glfw.obj : error LNK2001: unresolved external symbol _glfwGetWin32Window
imgui_impl_glfw.obj : error LNK2001: unresolved external symbol _glfwGetGamepadState
imgui_impl_glfw.obj : error LNK2001: unresolved external symbol _glfwSetCursorPosCallback
imgui_impl_glfw.obj : error LNK2001: unresolved external symbol _glfwGetKeyName
imgui_impl_glfw.obj : error LNK2001: unresolved external symbol _glfwGetCursorPos
imgui_impl_glfw.obj : error LNK2001: unresolved external symbol _glfwSetWindowFocusCallback
imgui_impl_glfw.obj : error LNK2001: unresolved external symbol _glfwSetErrorCallback
imgui_impl_glfw.obj : error LNK2001: unresolved external symbol _glfwSetCharCallback
imgui_widgets.obj : error LNK2001: unresolved external symbol __imp__atof
InputSystem.obj : error LNK2001: unresolved external symbol ___std_exception_destroy
InputSystem.obj : error LNK2001: unresolved external symbol "void * __cdecl operator new(unsigned int)" (??2@YAPAXI@Z)
msvcprt.lib(locale0_implib.obj) : error LNK2001: unresolved external symbol "void * __cdecl operator new(unsigned int)" (??2@YAPAXI@Z)
InputSystem.obj : error LNK2001: unresolved external symbol _glfwGetMouseButton
InputSystem.obj : error LNK2001: unresolved external symbol ___std_exception_copy
InputSystem.obj : error LNK2001: unresolved external symbol __purecall
InputSystem.obj : error LNK2001: unresolved external symbol "const type_info::`vftable'" (??_7type_info@@6B@)
InputSystem.obj : error LNK2001: unresolved external symbol __imp___invalid_parameter_noinfo_noreturn
RenderSystem.obj : error LNK2001: unresolved external symbol ___glewUniform2f
RenderSystem.obj : error LNK2001: unresolved external symbol ___glewUniformMatrix4fv
RenderSystem.obj : error LNK2001: unresolved external symbol ___glewUniform4fv
Shader.obj : error LNK2001: unresolved external symbol ___glewUseProgram
Shader.obj : error LNK2001: unresolved external symbol __imp__fputc
Shader.obj : error LNK2001: unresolved external symbol ___glewCompileShader
Shader.obj : error LNK2001: unresolved external symbol ___glewCreateShader
Shader.obj : error LNK2001: unresolved external symbol ___glewCreateProgram
Shader.obj : error LNK2001: unresolved external symbol ___glewValidateProgram
Shader.obj : error LNK2001: unresolved external symbol __imp__fgetc
Shader.obj : error LNK2001: unresolved external symbol ___glewGetUniformLocation
Shader.obj : error LNK2001: unresolved external symbol ___glewAttachShader
Shader.obj : error LNK2001: unresolved external symbol __imp___unlock_file
Shader.obj : error LNK2001: unresolved external symbol __imp___lock_file
Shader.obj : error LNK2001: unresolved external symbol ___glewDeleteProgram
Shader.obj : error LNK2001: unresolved external symbol ___glewShaderSource
Shader.obj : error LNK2001: unresolved external symbol __imp__fgetpos
Shader.obj : error LNK2001: unresolved external symbol __imp__setvbuf
Shader.obj : error LNK2001: unresolved external symbol __imp__ungetc
Shader.obj : error LNK2001: unresolved external symbol __imp__fsetpos
Shader.obj : error LNK2001: unresolved external symbol ___glewDeleteShader
Shader.obj : error LNK2001: unresolved external symbol ___glewLinkProgram
Shader.obj : error LNK2001: unresolved external symbol __imp___fseeki64
Shader.obj : error LNK2001: unresolved external symbol __imp___get_stream_buffer_pointers
Mesh.obj : error LNK2001: unresolved external symbol ___glewEnableVertexAttribArray
Mesh.obj : error LNK2001: unresolved external symbol ___glewBindVertexArray
Mesh.obj : error LNK2001: unresolved external symbol ___glewVertexAttribPointer
Mesh.obj : error LNK2001: unresolved external symbol ___glewBindBuffer
Mesh.obj : error LNK2001: unresolved external symbol ___glewDeleteVertexArrays
Mesh.obj : error LNK2001: unresolved external symbol ___glewBufferData
Mesh.obj : error LNK2001: unresolved external symbol ___glewGenVertexArrays
Mesh.obj : error LNK2001: unresolved external symbol ___glewGenBuffers
Mesh.obj : error LNK2001: unresolved external symbol ___glewDeleteBuffers
Entity.obj : error LNK2001: unresolved external symbol ___std_type_info_compare
Engine.obj : error LNK2001: unresolved external symbol _glfwSwapBuffers
Engine.obj : error LNK2001: unresolved external symbol __imp__realloc
Engine.obj : error LNK2001: unresolved external symbol _glfwPollEvents
Engine.obj : error LNK2001: unresolved external symbol "void __stdcall `eh vector destructor iterator'(void *,unsigned int,unsigned int,void (__thiscall*)(void *))" (??_M@YGXPAXIIP6EX0@Z@Z)
Engine.obj : error LNK2001: unresolved external symbol _glfwSetWindowShouldClose
PlatformSystem.obj : error LNK2001: unresolved external symbol _glfwSwapInterval
PlatformSystem.obj : error LNK2001: unresolved external symbol ___glewDebugMessageCallback
PlatformSystem.obj : error LNK2001: unresolved external symbol _glfwTerminate
PlatformSystem.obj : error LNK2001: unresolved external symbol _glfwInit
PlatformSystem.obj : error LNK2001: unresolved external symbol _glfwCreateWindow
PlatformSystem.obj : error LNK2001: unresolved external symbol _glfwWindowHint
PlatformSystem.obj : error LNK2001: unresolved external symbol _glfwMakeContextCurrent
PlatformSystem.obj : error LNK2001: unresolved external symbol _glfwDestroyWindow
PlatformSystem.obj : error LNK2001: unresolved external symbol _glfwWindowShouldClose
PlatformSystem.obj : error LNK2001: unresolved external symbol _glewInit@0
Texture.obj : error LNK2001: unresolved external symbol __imp__ferror
Texture.obj : error LNK2001: unresolved external symbol ___glewActiveTexture
Texture.obj : error LNK2001: unresolved external symbol __imp__fopen_s
Texture.obj : error LNK2001: unresolved external symbol __imp__strtol
Texture.obj : error LNK2001: unresolved external symbol __imp__ldexp
Texture.obj : error LNK2001: unresolved external symbol __imp__feof
LINK : error LNK2001: unresolved external symbol _mainCRTStartup
msvcprt.lib(locale0_implib.obj) : error LNK2001: unresolved external symbol ___guard_check_icall_fptr
C:\Users\nekoy\Desktop\Project\Project-OWL\Release\Project-OWL.exe : fatal error LNK1120: 122 unresolved externals
