  Scanning sources for module dependencies...
  PlatformSystem.cpp
LINK : warning LNK4098: defaultlib 'LIBCMT' conflicts with use of other libs; use /NODEFAULTLIB:library
  Generating code
  26 of 22934 functions ( 0.1%) were compiled, the rest were copied from previous compilation.
    1 functions were new in current compilation
    175 functions had inline decision re-evaluated but remain unchanged
  Finished generating code
glew32s.lib(glew.obj) : warning LNK4099: PDB '' was not found with 'glew32s.lib(glew.obj)' or at ''; linking object as if no debug info
  Project-OWL.vcxproj -> C:\Users\steve\Documents\Digipen\OblivionOwlsSVN\Github\Project-OWL\x64\ReleaseEditor\Project-OWL.exe
          1 file(s) copied.
  C:\Users\steve\Documents\Digipen\OblivionOwlsSVN\Github\Project-OWL\Data\EngineConfig.json
  C:\Users\steve\Documents\Digipen\OblivionOwlsSVN\Github\Project-OWL\Data\Controller Mappings\gamecontrollerdb.txt
  C:\Users\steve\Documents\Digipen\OblivionOwlsSVN\Github\Project-OWL\Data\Scenes\collisionTest.scene.json
  C:\Users\steve\Documents\Digipen\OblivionOwlsSVN\Github\Project-OWL\Data\Scenes\connectedTextureTest.scene.json
  C:\Users\steve\Documents\Digipen\OblivionOwlsSVN\Github\Project-OWL\Data\Scenes\ConstructionTest.scene.json
  C:\Users\steve\Documents\Digipen\OblivionOwlsSVN\Github\Project-OWL\Data\Scenes\Gameover.scene.json
  C:\Users\steve\Documents\Digipen\OblivionOwlsSVN\Github\Project-OWL\Data\Scenes\GameWin.scene.json
  C:\Users\steve\Documents\Digipen\OblivionOwlsSVN\Github\Project-OWL\Data\Scenes\MapTest.scene.json
  C:\Users\steve\Documents\Digipen\OblivionOwlsSVN\Github\Project-OWL\Data\Scenes\Particle_Making.scene.json
  C:\Users\steve\Documents\Digipen\OblivionOwlsSVN\Github\Project-OWL\Data\Scenes\Prototype.scene.json
  C:\Users\steve\Documents\Digipen\OblivionOwlsSVN\Github\Project-OWL\Data\Scenes\StabilityTest.scene.json
  C:\Users\steve\Documents\Digipen\OblivionOwlsSVN\Github\Project-OWL\Data\Scenes\Template.scene.json
  C:\Users\steve\Documents\Digipen\OblivionOwlsSVN\Github\Project-OWL\Data\Scenes\UI_TargetTest.scene.json
  C:\Users\steve\Documents\Digipen\OblivionOwlsSVN\Github\Project-OWL\Data\Scenes\UI_Test.scene.json
  C:\Users\steve\Documents\Digipen\OblivionOwlsSVN\Github\Project-OWL\Data\Scenes\UX_Showcase.scene.json
  C:\Users\steve\Documents\Digipen\OblivionOwlsSVN\Github\Project-OWL\Data\shaders\lighting.frag
  C:\Users\steve\Documents\Digipen\OblivionOwlsSVN\Github\Project-OWL\Data\shaders\particles.frag
  C:\Users\steve\Documents\Digipen\OblivionOwlsSVN\Github\Project-OWL\Data\shaders\particles.vert
  C:\Users\steve\Documents\Digipen\OblivionOwlsSVN\Github\Project-OWL\Data\shaders\particles_compute.glsl
  C:\Users\steve\Documents\Digipen\OblivionOwlsSVN\Github\Project-OWL\Data\shaders\shadows.vert
  C:\Users\steve\Documents\Digipen\OblivionOwlsSVN\Github\Project-OWL\Data\shaders\spotlight.frag
  C:\Users\steve\Documents\Digipen\OblivionOwlsSVN\Github\Project-OWL\Data\shaders\texture.frag
  C:\Users\steve\Documents\Digipen\OblivionOwlsSVN\Github\Project-OWL\Data\shaders\tile_instancing.vert
  C:\Users\steve\Documents\Digipen\OblivionOwlsSVN\Github\Project-OWL\Data\shaders\UiBar.frag
  C:\Users\steve\Documents\Digipen\OblivionOwlsSVN\Github\Project-OWL\Data\shaders\vshader.vert
  C:\Users\steve\Documents\Digipen\OblivionOwlsSVN\Github\Project-OWL\Data\Sounds\Effects\button_press.ogg
  C:\Users\steve\Documents\Digipen\OblivionOwlsSVN\Github\Project-OWL\Data\Sounds\Effects\button_release.ogg
  C:\Users\steve\Documents\Digipen\OblivionOwlsSVN\Github\Project-OWL\Data\Sounds\Effects\Base\BaseDamage.ogg
  C:\Users\steve\Documents\Digipen\OblivionOwlsSVN\Github\Project-OWL\Data\Sounds\Effects\Enemy\footsteps.ogg
  C:\Users\steve\Documents\Digipen\OblivionOwlsSVN\Github\Project-OWL\Data\Sounds\Effects\Player\digging.ogg
  C:\Users\steve\Documents\Digipen\OblivionOwlsSVN\Github\Project-OWL\Data\Sounds\Effects\Player\Human-Ground-FootSteps.ogg
  C:\Users\steve\Documents\Digipen\OblivionOwlsSVN\Github\Project-OWL\Data\Sounds\Effects\Turret\Bullet-fast.ogg
  C:\Users\steve\Documents\Digipen\OblivionOwlsSVN\Github\Project-OWL\Data\Sounds\Effects\Turret\TurretPlace.ogg
  C:\Users\steve\Documents\Digipen\OblivionOwlsSVN\Github\Project-OWL\Data\Sounds\Effects\Turret\TurretShoot.ogg
  C:\Users\steve\Documents\Digipen\OblivionOwlsSVN\Github\Project-OWL\Data\Sounds\Music\background.ogg
  C:\Users\steve\Documents\Digipen\OblivionOwlsSVN\Github\Project-OWL\Data\Textures\Background.png
  C:\Users\steve\Documents\Digipen\OblivionOwlsSVN\Github\Project-OWL\Data\Textures\CastleTiles.png
  C:\Users\steve\Documents\Digipen\OblivionOwlsSVN\Github\Project-OWL\Data\Textures\DigDeeper_Tileset_V1.png
  C:\Users\steve\Documents\Digipen\OblivionOwlsSVN\Github\Project-OWL\Data\Textures\Full Spritesheet.png
  C:\Users\steve\Documents\Digipen\OblivionOwlsSVN\Github\Project-OWL\Data\Textures\healthBar.png
  C:\Users\steve\Documents\Digipen\OblivionOwlsSVN\Github\Project-OWL\Data\Textures\Level_Assets.png
  C:\Users\steve\Documents\Digipen\OblivionOwlsSVN\Github\Project-OWL\Data\Textures\PLACEHOLDER_UI_Inventory.png
  C:\Users\steve\Documents\Digipen\OblivionOwlsSVN\Github\Project-OWL\Data\Textures\Roboto_Mono_white_16x8.png
  C:\Users\steve\Documents\Digipen\OblivionOwlsSVN\Github\Project-OWL\Data\Textures\TestButton.png
  C:\Users\steve\Documents\Digipen\OblivionOwlsSVN\Github\Project-OWL\Data\Textures\turret.png
  C:\Users\steve\Documents\Digipen\OblivionOwlsSVN\Github\Project-OWL\Data\Textures\van_large.png
  C:\Users\steve\Documents\Digipen\OblivionOwlsSVN\Github\Project-OWL\Data\Textures\Balls\Ball.png
  C:\Users\steve\Documents\Digipen\OblivionOwlsSVN\Github\Project-OWL\Data\Textures\Balls\Ball2.png
  C:\Users\steve\Documents\Digipen\OblivionOwlsSVN\Github\Project-OWL\Data\Textures\Balls\Ball3.png
  C:\Users\steve\Documents\Digipen\OblivionOwlsSVN\Github\Project-OWL\Data\Textures\Balls\Ball4.png
  C:\Users\steve\Documents\Digipen\OblivionOwlsSVN\Github\Project-OWL\Data\Textures\Balls\Ball5.png
  C:\Users\steve\Documents\Digipen\OblivionOwlsSVN\Github\Project-OWL\Data\Textures\Debug\Circle.png
  C:\Users\steve\Documents\Digipen\OblivionOwlsSVN\Github\Project-OWL\Data\Textures\Debug\Grid.png
  C:\Users\steve\Documents\Digipen\OblivionOwlsSVN\Github\Project-OWL\Data\Textures\Debug\Rectangle.png
  C:\Users\steve\Documents\Digipen\OblivionOwlsSVN\Github\Project-OWL\Data\Textures\Debug\Transform.png
  C:\Users\steve\Documents\Digipen\OblivionOwlsSVN\Github\Project-OWL\Data\Textures\Items\TestItemSheet.png
  C:\Users\steve\Documents\Digipen\OblivionOwlsSVN\Github\Project-OWL\Data\Textures\PauseMenuAssets\ContinueButton.png
  C:\Users\steve\Documents\Digipen\OblivionOwlsSVN\Github\Project-OWL\Data\Textures\PauseMenuAssets\ContinueButtonClick.png
  C:\Users\steve\Documents\Digipen\OblivionOwlsSVN\Github\Project-OWL\Data\Textures\PauseMenuAssets\ContinueButtonHover.png
  C:\Users\steve\Documents\Digipen\OblivionOwlsSVN\Github\Project-OWL\Data\Textures\PauseMenuAssets\ContinueButtonSheet.png
  C:\Users\steve\Documents\Digipen\OblivionOwlsSVN\Github\Project-OWL\Data\Textures\PauseMenuAssets\CreditsButton.png
  C:\Users\steve\Documents\Digipen\OblivionOwlsSVN\Github\Project-OWL\Data\Textures\PauseMenuAssets\CreditsButtonClick.png
  C:\Users\steve\Documents\Digipen\OblivionOwlsSVN\Github\Project-OWL\Data\Textures\PauseMenuAssets\CreditsButtonHover.png
  C:\Users\steve\Documents\Digipen\OblivionOwlsSVN\Github\Project-OWL\Data\Textures\PauseMenuAssets\CreditsButtonSheetpng.png
  C:\Users\steve\Documents\Digipen\OblivionOwlsSVN\Github\Project-OWL\Data\Textures\PauseMenuAssets\Game Paused.png
  C:\Users\steve\Documents\Digipen\OblivionOwlsSVN\Github\Project-OWL\Data\Textures\PauseMenuAssets\PauseBackground.png
  C:\Users\steve\Documents\Digipen\OblivionOwlsSVN\Github\Project-OWL\Data\Textures\PauseMenuAssets\PauseBase.png
  C:\Users\steve\Documents\Digipen\OblivionOwlsSVN\Github\Project-OWL\Data\Textures\PauseMenuAssets\QuitButton.png
  C:\Users\steve\Documents\Digipen\OblivionOwlsSVN\Github\Project-OWL\Data\Textures\PauseMenuAssets\QuitButtonClick.png
  C:\Users\steve\Documents\Digipen\OblivionOwlsSVN\Github\Project-OWL\Data\Textures\PauseMenuAssets\QuitButtonHover.png
  C:\Users\steve\Documents\Digipen\OblivionOwlsSVN\Github\Project-OWL\Data\Textures\PauseMenuAssets\QuitGameSheet.png
  C:\Users\steve\Documents\Digipen\OblivionOwlsSVN\Github\Project-OWL\Data\Textures\PauseMenuAssets\SettingsButton.png
  C:\Users\steve\Documents\Digipen\OblivionOwlsSVN\Github\Project-OWL\Data\Textures\PauseMenuAssets\SettingsButtonClick.png
  C:\Users\steve\Documents\Digipen\OblivionOwlsSVN\Github\Project-OWL\Data\Textures\PauseMenuAssets\SettingsButtonHover.png
  C:\Users\steve\Documents\Digipen\OblivionOwlsSVN\Github\Project-OWL\Data\Textures\PauseMenuAssets\SettingsButtonSheet.png
  C:\Users\steve\Documents\Digipen\OblivionOwlsSVN\Github\Project-OWL\Data\Textures\Tiles\ConnectedTextures.png
  C:\Users\steve\Documents\Digipen\OblivionOwlsSVN\Github\Project-OWL\Data\Textures\Tiles\PreviewTextures.png
  77 File(s) copied
